{"/Users/tr/projects/infection-sim/src/infection-sim.ts": {"path":"/Users/tr/projects/infection-sim/src/infection-sim.ts","statementMap":{"0":{"start":{"line":1,"column":0},"end":{"line":1,"column":33}},"1":{"start":{"line":3,"column":0},"end":{"line":3,"column":36}},"2":{"start":{"line":24,"column":4},"end":{"line":24,"column":40}},"3":{"start":{"line":25,"column":4},"end":{"line":25,"column":21}},"4":{"start":{"line":26,"column":4},"end":{"line":26,"column":36}},"5":{"start":{"line":27,"column":4},"end":{"line":27,"column":33}},"6":{"start":{"line":28,"column":4},"end":{"line":28,"column":31}},"7":{"start":{"line":29,"column":4},"end":{"line":29,"column":52}},"8":{"start":{"line":30,"column":4},"end":{"line":30,"column":25}},"9":{"start":{"line":33,"column":4},"end":{"line":33,"column":34}},"10":{"start":{"line":36,"column":4},"end":{"line":36,"column":24}},"11":{"start":{"line":39,"column":4},"end":{"line":39,"column":21}},"12":{"start":{"line":40,"column":4},"end":{"line":40,"column":34}},"13":{"start":{"line":43,"column":4},"end":{"line":43,"column":23}},"14":{"start":{"line":46,"column":4},"end":{"line":55,"column":7}},"15":{"start":{"line":47,"column":6},"end":{"line":54,"column":null}},"16":{"start":{"line":53,"column":8},"end":{"line":53,"column":33}},"17":{"start":{"line":58,"column":4},"end":{"line":58,"column":21}},"18":{"start":{"line":59,"column":4},"end":{"line":67,"column":null}},"19":{"start":{"line":59,"column":17},"end":{"line":59,"column":18}},"20":{"start":{"line":60,"column":19},"end":{"line":65,"column":8}},"21":{"start":{"line":66,"column":6},"end":{"line":66,"column":29}},"22":{"start":{"line":68,"column":21},"end":{"line":73,"column":6}},"23":{"start":{"line":74,"column":4},"end":{"line":74,"column":22}},"24":{"start":{"line":75,"column":4},"end":{"line":75,"column":31}},"25":{"start":{"line":79,"column":4},"end":{"line":94,"column":null}},"26":{"start":{"line":81,"column":8},"end":{"line":81,"column":30}},"27":{"start":{"line":82,"column":8},"end":{"line":82,"column":14}},"28":{"start":{"line":84,"column":8},"end":{"line":84,"column":30}},"29":{"start":{"line":85,"column":8},"end":{"line":85,"column":14}},"30":{"start":{"line":87,"column":8},"end":{"line":87,"column":30}},"31":{"start":{"line":88,"column":8},"end":{"line":88,"column":14}},"32":{"start":{"line":90,"column":8},"end":{"line":90,"column":30}},"33":{"start":{"line":91,"column":8},"end":{"line":91,"column":14}},"34":{"start":{"line":93,"column":8},"end":{"line":93,"column":27}},"35":{"start":{"line":95,"column":4},"end":{"line":95,"column":25}},"36":{"start":{"line":96,"column":4},"end":{"line":96,"column":62}},"37":{"start":{"line":97,"column":4},"end":{"line":97,"column":35}},"38":{"start":{"line":98,"column":4},"end":{"line":98,"column":20}},"39":{"start":{"line":99,"column":4},"end":{"line":99,"column":25}},"40":{"start":{"line":102,"column":16},"end":{"line":102,"column":26}},"41":{"start":{"line":103,"column":4},"end":{"line":105,"column":null}},"42":{"start":{"line":104,"column":6},"end":{"line":104,"column":56}},"43":{"start":{"line":106,"column":4},"end":{"line":134,"column":7}},"44":{"start":{"line":107,"column":6},"end":{"line":107,"column":37}},"45":{"start":{"line":108,"column":6},"end":{"line":117,"column":null}},"46":{"start":{"line":110,"column":8},"end":{"line":116,"column":null}},"47":{"start":{"line":111,"column":10},"end":{"line":115,"column":null}},"48":{"start":{"line":112,"column":12},"end":{"line":112,"column":23}},"49":{"start":{"line":114,"column":12},"end":{"line":114,"column":27}},"50":{"start":{"line":118,"column":6},"end":{"line":120,"column":null}},"51":{"start":{"line":119,"column":8},"end":{"line":119,"column":29}},"52":{"start":{"line":121,"column":6},"end":{"line":126,"column":null}},"53":{"start":{"line":125,"column":8},"end":{"line":125,"column":27}},"54":{"start":{"line":127,"column":6},"end":{"line":131,"column":null}},"55":{"start":{"line":128,"column":8},"end":{"line":128,"column":27}},"56":{"start":{"line":129,"column":13},"end":{"line":131,"column":null}},"57":{"start":{"line":130,"column":8},"end":{"line":130,"column":27}},"58":{"start":{"line":132,"column":6},"end":{"line":132,"column":24}},"59":{"start":{"line":133,"column":6},"end":{"line":133,"column":24}},"60":{"start":{"line":14,"column":0},"end":{"line":14,"column":13}}},"fnMap":{"0":{"name":"(anonymous_0)","decl":{"start":{"line":23,"column":2},"end":{"line":23,"column":14}},"loc":{"start":{"line":23,"column":33},"end":{"line":34,"column":3}}},"1":{"name":"(anonymous_1)","decl":{"start":{"line":35,"column":2},"end":{"line":35,"column":6}},"loc":{"start":{"line":35,"column":12},"end":{"line":37,"column":3}}},"2":{"name":"(anonymous_2)","decl":{"start":{"line":38,"column":2},"end":{"line":38,"column":6}},"loc":{"start":{"line":38,"column":22},"end":{"line":41,"column":3}}},"3":{"name":"(anonymous_3)","decl":{"start":{"line":42,"column":2},"end":{"line":42,"column":6}},"loc":{"start":{"line":42,"column":11},"end":{"line":44,"column":3}}},"4":{"name":"(anonymous_4)","decl":{"start":{"line":45,"column":10},"end":{"line":45,"column":29}},"loc":{"start":{"line":45,"column":43},"end":{"line":56,"column":3}}},"5":{"name":"(anonymous_5)","decl":{"start":{"line":46,"column":24},"end":{"line":46,"column":33}},"loc":{"start":{"line":46,"column":36},"end":{"line":55,"column":5}}},"6":{"name":"(anonymous_6)","decl":{"start":{"line":57,"column":10},"end":{"line":57,"column":20}},"loc":{"start":{"line":57,"column":30},"end":{"line":76,"column":3}}},"7":{"name":"(anonymous_7)","decl":{"start":{"line":77,"column":10},"end":{"line":77,"column":19}},"loc":{"start":{"line":77,"column":33},"end":{"line":100,"column":3}}},"8":{"name":"(anonymous_8)","decl":{"start":{"line":101,"column":9},"end":{"line":101,"column":13}},"loc":{"start":{"line":101,"column":13},"end":{"line":135,"column":3}}},"9":{"name":"(anonymous_9)","decl":{"start":{"line":106,"column":24},"end":{"line":106,"column":28}},"loc":{"start":{"line":106,"column":31},"end":{"line":134,"column":5}}}},"branchMap":{"0":{"loc":{"start":{"line":24,"column":19},"end":{"line":24,"column":34}},"type":"binary-expr","locations":[{"start":{"line":24,"column":19},"end":{"line":24,"column":34}},{"start":{"line":24,"column":38},"end":{"line":24,"column":39}}]},"1":{"loc":{"start":{"line":24,"column":26},"end":{"line":24,"column":28}},"type":"cond-expr","locations":[{"start":{"line":24,"column":26},"end":{"line":24,"column":28}},{"start":{"line":24,"column":19},"end":{"line":24,"column":34}}]},"2":{"loc":{"start":{"line":24,"column":19},"end":{"line":24,"column":28}},"type":"binary-expr","locations":[{"start":{"line":24,"column":19},"end":{"line":24,"column":28}},{"start":{"line":24,"column":19},"end":{"line":24,"column":28}}]},"3":{"loc":{"start":{"line":26,"column":15},"end":{"line":26,"column":27}},"type":"binary-expr","locations":[{"start":{"line":26,"column":15},"end":{"line":26,"column":27}},{"start":{"line":26,"column":31},"end":{"line":26,"column":35}}]},"4":{"loc":{"start":{"line":26,"column":22},"end":{"line":26,"column":24}},"type":"cond-expr","locations":[{"start":{"line":26,"column":22},"end":{"line":26,"column":24}},{"start":{"line":26,"column":15},"end":{"line":26,"column":27}}]},"5":{"loc":{"start":{"line":26,"column":15},"end":{"line":26,"column":24}},"type":"binary-expr","locations":[{"start":{"line":26,"column":15},"end":{"line":26,"column":24}},{"start":{"line":26,"column":15},"end":{"line":26,"column":24}}]},"6":{"loc":{"start":{"line":29,"column":24},"end":{"line":29,"column":45}},"type":"binary-expr","locations":[{"start":{"line":29,"column":24},"end":{"line":29,"column":45}},{"start":{"line":29,"column":49},"end":{"line":29,"column":51}}]},"7":{"loc":{"start":{"line":29,"column":31},"end":{"line":29,"column":33}},"type":"cond-expr","locations":[{"start":{"line":29,"column":31},"end":{"line":29,"column":33}},{"start":{"line":29,"column":24},"end":{"line":29,"column":45}}]},"8":{"loc":{"start":{"line":29,"column":24},"end":{"line":29,"column":33}},"type":"binary-expr","locations":[{"start":{"line":29,"column":24},"end":{"line":29,"column":33}},{"start":{"line":29,"column":24},"end":{"line":29,"column":33}}]},"9":{"loc":{"start":{"line":47,"column":6},"end":{"line":54,"column":null}},"type":"if","locations":[{"start":{"line":47,"column":6},"end":{"line":54,"column":null}},{"start":{"line":47,"column":6},"end":{"line":54,"column":null}}]},"10":{"loc":{"start":{"line":48,"column":8},"end":{"line":48,"column":28}},"type":"binary-expr","locations":[{"start":{"line":48,"column":8},"end":{"line":48,"column":28}},{"start":{"line":49,"column":8},"end":{"line":49,"column":47}},{"start":{"line":50,"column":8},"end":{"line":50,"column":28}},{"start":{"line":51,"column":8},"end":{"line":51,"column":47}}]},"11":{"loc":{"start":{"line":80,"column":6},"end":{"line":82,"column":14}},"type":"switch","locations":[{"start":{"line":80,"column":6},"end":{"line":82,"column":14}},{"start":{"line":83,"column":6},"end":{"line":85,"column":14}},{"start":{"line":86,"column":6},"end":{"line":88,"column":14}},{"start":{"line":89,"column":6},"end":{"line":91,"column":14}},{"start":{"line":92,"column":6},"end":{"line":93,"column":27}}]},"12":{"loc":{"start":{"line":103,"column":4},"end":{"line":105,"column":null}},"type":"if","locations":[{"start":{"line":103,"column":4},"end":{"line":105,"column":null}},{"start":{"line":103,"column":4},"end":{"line":105,"column":null}}]},"13":{"loc":{"start":{"line":108,"column":6},"end":{"line":117,"column":null}},"type":"if","locations":[{"start":{"line":108,"column":6},"end":{"line":117,"column":null}},{"start":{"line":108,"column":6},"end":{"line":117,"column":null}}]},"14":{"loc":{"start":{"line":110,"column":8},"end":{"line":116,"column":null}},"type":"if","locations":[{"start":{"line":110,"column":8},"end":{"line":116,"column":null}},{"start":{"line":110,"column":8},"end":{"line":116,"column":null}}]},"15":{"loc":{"start":{"line":111,"column":10},"end":{"line":115,"column":null}},"type":"if","locations":[{"start":{"line":111,"column":10},"end":{"line":115,"column":null}},{"start":{"line":111,"column":10},"end":{"line":115,"column":null}}]},"16":{"loc":{"start":{"line":118,"column":6},"end":{"line":120,"column":null}},"type":"if","locations":[{"start":{"line":118,"column":6},"end":{"line":120,"column":null}},{"start":{"line":118,"column":6},"end":{"line":120,"column":null}}]},"17":{"loc":{"start":{"line":121,"column":6},"end":{"line":126,"column":null}},"type":"if","locations":[{"start":{"line":121,"column":6},"end":{"line":126,"column":null}},{"start":{"line":121,"column":6},"end":{"line":126,"column":null}}]},"18":{"loc":{"start":{"line":122,"column":8},"end":{"line":122,"column":51}},"type":"binary-expr","locations":[{"start":{"line":122,"column":8},"end":{"line":122,"column":51}},{"start":{"line":123,"column":8},"end":{"line":123,"column":38}}]},"19":{"loc":{"start":{"line":127,"column":6},"end":{"line":131,"column":null}},"type":"if","locations":[{"start":{"line":127,"column":6},"end":{"line":131,"column":null}},{"start":{"line":127,"column":6},"end":{"line":131,"column":null}}]},"20":{"loc":{"start":{"line":129,"column":13},"end":{"line":131,"column":null}},"type":"if","locations":[{"start":{"line":129,"column":13},"end":{"line":131,"column":null}},{"start":{"line":129,"column":13},"end":{"line":131,"column":null}}]}},"s":{"0":1,"1":1,"2":1,"3":1,"4":1,"5":1,"6":1,"7":1,"8":1,"9":1,"10":0,"11":0,"12":0,"13":0,"14":0,"15":0,"16":0,"17":1,"18":1,"19":1,"20":5,"21":5,"22":1,"23":1,"24":1,"25":0,"26":0,"27":0,"28":0,"29":0,"30":0,"31":0,"32":0,"33":0,"34":0,"35":0,"36":0,"37":0,"38":0,"39":0,"40":0,"41":0,"42":0,"43":0,"44":0,"45":0,"46":0,"47":0,"48":0,"49":0,"50":0,"51":0,"52":0,"53":0,"54":0,"55":0,"56":0,"57":0,"58":0,"59":0,"60":1},"f":{"0":1,"1":0,"2":0,"3":0,"4":0,"5":0,"6":1,"7":0,"8":0,"9":0},"b":{"0":[1,1],"1":[0,1],"2":[1,1],"3":[1,1],"4":[0,1],"5":[1,1],"6":[1,1],"7":[0,1],"8":[1,1],"9":[0,0],"10":[0,0,0,0],"11":[0,0,0,0,0],"12":[0,0],"13":[0,0],"14":[0,0],"15":[0,0],"16":[0,0],"17":[0,0],"18":[0,0],"19":[0,0],"20":[0,0]}}
,"/Users/tr/projects/infection-sim/src/sim-node.ts": {"path":"/Users/tr/projects/infection-sim/src/sim-node.ts","statementMap":{"0":{"start":{"line":24,"column":4},"end":{"line":24,"column":25}},"1":{"start":{"line":25,"column":4},"end":{"line":25,"column":27}},"2":{"start":{"line":26,"column":4},"end":{"line":26,"column":29}},"3":{"start":{"line":27,"column":4},"end":{"line":27,"column":29}},"4":{"start":{"line":28,"column":4},"end":{"line":28,"column":47}},"5":{"start":{"line":29,"column":4},"end":{"line":29,"column":43}},"6":{"start":{"line":30,"column":4},"end":{"line":30,"column":43}},"7":{"start":{"line":31,"column":4},"end":{"line":31,"column":39}},"8":{"start":{"line":34,"column":4},"end":{"line":38,"column":null}},"9":{"start":{"line":35,"column":6},"end":{"line":35,"column":23}},"10":{"start":{"line":36,"column":11},"end":{"line":38,"column":null}},"11":{"start":{"line":37,"column":6},"end":{"line":37,"column":20}},"12":{"start":{"line":41,"column":4},"end":{"line":41,"column":25}},"13":{"start":{"line":42,"column":4},"end":{"line":42,"column":33}},"14":{"start":{"line":45,"column":4},"end":{"line":45,"column":30}},"15":{"start":{"line":48,"column":4},"end":{"line":48,"column":25}},"16":{"start":{"line":49,"column":4},"end":{"line":49,"column":16}},"17":{"start":{"line":50,"column":4},"end":{"line":50,"column":16}},"18":{"start":{"line":13,"column":0},"end":{"line":13,"column":13}}},"fnMap":{"0":{"name":"(anonymous_0)","decl":{"start":{"line":23,"column":2},"end":{"line":23,"column":14}},"loc":{"start":{"line":23,"column":44},"end":{"line":32,"column":3}}},"1":{"name":"(anonymous_1)","decl":{"start":{"line":33,"column":2},"end":{"line":33,"column":10}},"loc":{"start":{"line":33,"column":27},"end":{"line":39,"column":3}}},"2":{"name":"(anonymous_2)","decl":{"start":{"line":40,"column":2},"end":{"line":40,"column":8}},"loc":{"start":{"line":40,"column":8},"end":{"line":43,"column":3}}},"3":{"name":"(anonymous_3)","decl":{"start":{"line":44,"column":2},"end":{"line":44,"column":9}},"loc":{"start":{"line":44,"column":9},"end":{"line":46,"column":3}}},"4":{"name":"(anonymous_4)","decl":{"start":{"line":47,"column":2},"end":{"line":47,"column":5}},"loc":{"start":{"line":47,"column":5},"end":{"line":51,"column":3}}}},"branchMap":{"0":{"loc":{"start":{"line":26,"column":13},"end":{"line":26,"column":23}},"type":"binary-expr","locations":[{"start":{"line":26,"column":13},"end":{"line":26,"column":23}},{"start":{"line":26,"column":27},"end":{"line":26,"column":28}}]},"1":{"loc":{"start":{"line":26,"column":20},"end":{"line":26,"column":22}},"type":"cond-expr","locations":[{"start":{"line":26,"column":20},"end":{"line":26,"column":22}},{"start":{"line":26,"column":13},"end":{"line":26,"column":23}}]},"2":{"loc":{"start":{"line":26,"column":13},"end":{"line":26,"column":22}},"type":"binary-expr","locations":[{"start":{"line":26,"column":13},"end":{"line":26,"column":22}},{"start":{"line":26,"column":13},"end":{"line":26,"column":22}}]},"3":{"loc":{"start":{"line":27,"column":13},"end":{"line":27,"column":23}},"type":"binary-expr","locations":[{"start":{"line":27,"column":13},"end":{"line":27,"column":23}},{"start":{"line":27,"column":27},"end":{"line":27,"column":28}}]},"4":{"loc":{"start":{"line":27,"column":20},"end":{"line":27,"column":22}},"type":"cond-expr","locations":[{"start":{"line":27,"column":20},"end":{"line":27,"column":22}},{"start":{"line":27,"column":13},"end":{"line":27,"column":23}}]},"5":{"loc":{"start":{"line":27,"column":13},"end":{"line":27,"column":22}},"type":"binary-expr","locations":[{"start":{"line":27,"column":13},"end":{"line":27,"column":22}},{"start":{"line":27,"column":13},"end":{"line":27,"column":22}}]},"6":{"loc":{"start":{"line":28,"column":18},"end":{"line":28,"column":33}},"type":"binary-expr","locations":[{"start":{"line":28,"column":18},"end":{"line":28,"column":33}},{"start":{"line":28,"column":37},"end":{"line":28,"column":46}}]},"7":{"loc":{"start":{"line":28,"column":25},"end":{"line":28,"column":27}},"type":"cond-expr","locations":[{"start":{"line":28,"column":25},"end":{"line":28,"column":27}},{"start":{"line":28,"column":18},"end":{"line":28,"column":33}}]},"8":{"loc":{"start":{"line":28,"column":18},"end":{"line":28,"column":27}},"type":"binary-expr","locations":[{"start":{"line":28,"column":18},"end":{"line":28,"column":27}},{"start":{"line":28,"column":18},"end":{"line":28,"column":27}}]},"9":{"loc":{"start":{"line":29,"column":14},"end":{"line":29,"column":25}},"type":"binary-expr","locations":[{"start":{"line":29,"column":14},"end":{"line":29,"column":25}},{"start":{"line":29,"column":29},"end":{"line":29,"column":42}}]},"10":{"loc":{"start":{"line":29,"column":21},"end":{"line":29,"column":23}},"type":"cond-expr","locations":[{"start":{"line":29,"column":21},"end":{"line":29,"column":23}},{"start":{"line":29,"column":14},"end":{"line":29,"column":25}}]},"11":{"loc":{"start":{"line":29,"column":14},"end":{"line":29,"column":23}},"type":"binary-expr","locations":[{"start":{"line":29,"column":14},"end":{"line":29,"column":23}},{"start":{"line":29,"column":14},"end":{"line":29,"column":23}}]},"12":{"loc":{"start":{"line":30,"column":14},"end":{"line":30,"column":25}},"type":"binary-expr","locations":[{"start":{"line":30,"column":14},"end":{"line":30,"column":25}},{"start":{"line":30,"column":29},"end":{"line":30,"column":42}}]},"13":{"loc":{"start":{"line":30,"column":21},"end":{"line":30,"column":23}},"type":"cond-expr","locations":[{"start":{"line":30,"column":21},"end":{"line":30,"column":23}},{"start":{"line":30,"column":14},"end":{"line":30,"column":25}}]},"14":{"loc":{"start":{"line":30,"column":14},"end":{"line":30,"column":23}},"type":"binary-expr","locations":[{"start":{"line":30,"column":14},"end":{"line":30,"column":23}},{"start":{"line":30,"column":14},"end":{"line":30,"column":23}}]},"15":{"loc":{"start":{"line":31,"column":18},"end":{"line":31,"column":33}},"type":"binary-expr","locations":[{"start":{"line":31,"column":18},"end":{"line":31,"column":33}},{"start":{"line":31,"column":37},"end":{"line":31,"column":38}}]},"16":{"loc":{"start":{"line":31,"column":25},"end":{"line":31,"column":27}},"type":"cond-expr","locations":[{"start":{"line":31,"column":25},"end":{"line":31,"column":27}},{"start":{"line":31,"column":18},"end":{"line":31,"column":33}}]},"17":{"loc":{"start":{"line":31,"column":18},"end":{"line":31,"column":27}},"type":"binary-expr","locations":[{"start":{"line":31,"column":18},"end":{"line":31,"column":27}},{"start":{"line":31,"column":18},"end":{"line":31,"column":27}}]},"18":{"loc":{"start":{"line":34,"column":4},"end":{"line":38,"column":null}},"type":"if","locations":[{"start":{"line":34,"column":4},"end":{"line":38,"column":null}},{"start":{"line":34,"column":4},"end":{"line":38,"column":null}}]},"19":{"loc":{"start":{"line":34,"column":8},"end":{"line":34,"column":30}},"type":"binary-expr","locations":[{"start":{"line":34,"column":8},"end":{"line":34,"column":30}},{"start":{"line":34,"column":34},"end":{"line":34,"column":62}}]},"20":{"loc":{"start":{"line":36,"column":11},"end":{"line":38,"column":null}},"type":"if","locations":[{"start":{"line":36,"column":11},"end":{"line":38,"column":null}},{"start":{"line":36,"column":11},"end":{"line":38,"column":null}}]},"21":{"loc":{"start":{"line":36,"column":15},"end":{"line":36,"column":40}},"type":"binary-expr","locations":[{"start":{"line":36,"column":15},"end":{"line":36,"column":40}},{"start":{"line":36,"column":44},"end":{"line":36,"column":69}}]}},"s":{"0":14,"1":14,"2":14,"3":14,"4":14,"5":14,"6":14,"7":14,"8":2,"9":1,"10":1,"11":1,"12":4,"13":4,"14":1,"15":1,"16":1,"17":1,"18":2},"f":{"0":14,"1":2,"2":4,"3":1,"4":1},"b":{"0":[14,8],"1":[4,10],"2":[14,14],"3":[14,8],"4":[4,10],"5":[14,14],"6":[14,10],"7":[4,10],"8":[14,14],"9":[14,8],"10":[4,10],"11":[14,14],"12":[14,8],"13":[4,10],"14":[14,14],"15":[14,14],"16":[4,10],"17":[14,14],"18":[1,1],"19":[2,1],"20":[1,0],"21":[1,1]}}
,"/Users/tr/projects/infection-sim/src/utils.ts": {"path":"/Users/tr/projects/infection-sim/src/utils.ts","statementMap":{"0":{"start":{"line":2,"column":15},"end":{"line":2,"column":28}},"1":{"start":{"line":3,"column":2},"end":{"line":5,"column":null}},"2":{"start":{"line":4,"column":4},"end":{"line":4,"column":null}},"3":{"start":{"line":6,"column":2},"end":{"line":6,"column":36}},"4":{"start":{"line":1,"column":0},"end":{"line":1,"column":16}}},"fnMap":{"0":{"name":"random","decl":{"start":{"line":1,"column":16},"end":{"line":1,"column":22}},"loc":{"start":{"line":1,"column":30},"end":{"line":7,"column":1}}}},"branchMap":{"0":{"loc":{"start":{"line":1,"column":29},"end":{"line":1,"column":30}},"type":"default-arg","locations":[{"start":{"line":1,"column":29},"end":{"line":1,"column":30}}]},"1":{"loc":{"start":{"line":3,"column":2},"end":{"line":5,"column":null}},"type":"if","locations":[{"start":{"line":3,"column":2},"end":{"line":5,"column":null}},{"start":{"line":3,"column":2},"end":{"line":5,"column":null}}]}},"s":{"0":27,"1":27,"2":27,"3":0,"4":2},"f":{"0":27},"b":{"0":[13],"1":[27,0]}}
}
