TN:
SF:src/infection-sim.ts
FN:23,(anonymous_0)
FN:35,(anonymous_1)
FN:38,(anonymous_2)
FN:42,(anonymous_3)
FN:45,(anonymous_4)
FN:46,(anonymous_5)
FN:57,(anonymous_6)
FN:77,(anonymous_7)
FN:101,(anonymous_8)
FN:106,(anonymous_9)
FNF:10
FNH:2
FNDA:1,(anonymous_0)
FNDA:0,(anonymous_1)
FNDA:0,(anonymous_2)
FNDA:0,(anonymous_3)
FNDA:0,(anonymous_4)
FNDA:0,(anonymous_5)
FNDA:1,(anonymous_6)
FNDA:0,(anonymous_7)
FNDA:0,(anonymous_8)
FNDA:0,(anonymous_9)
DA:1,1
DA:3,1
DA:14,1
DA:24,1
DA:25,1
DA:26,1
DA:27,1
DA:28,1
DA:29,1
DA:30,1
DA:33,1
DA:36,0
DA:39,0
DA:40,0
DA:43,0
DA:46,0
DA:47,0
DA:53,0
DA:58,1
DA:59,1
DA:60,5
DA:66,5
DA:68,1
DA:74,1
DA:75,1
DA:79,0
DA:81,0
DA:82,0
DA:84,0
DA:85,0
DA:87,0
DA:88,0
DA:90,0
DA:91,0
DA:93,0
DA:95,0
DA:96,0
DA:97,0
DA:98,0
DA:99,0
DA:102,0
DA:103,0
DA:104,0
DA:106,0
DA:107,0
DA:108,0
DA:110,0
DA:111,0
DA:112,0
DA:114,0
DA:118,0
DA:119,0
DA:121,0
DA:125,0
DA:127,0
DA:128,0
DA:129,0
DA:130,0
DA:132,0
DA:133,0
LF:60
LH:18
BRDA:24,0,0,1
BRDA:24,0,1,1
BRDA:24,1,0,0
BRDA:24,1,1,1
BRDA:24,2,0,1
BRDA:24,2,1,1
BRDA:26,3,0,1
BRDA:26,3,1,1
BRDA:26,4,0,0
BRDA:26,4,1,1
BRDA:26,5,0,1
BRDA:26,5,1,1
BRDA:29,6,0,1
BRDA:29,6,1,1
BRDA:29,7,0,0
BRDA:29,7,1,1
BRDA:29,8,0,1
BRDA:29,8,1,1
BRDA:47,9,0,0
BRDA:47,9,1,0
BRDA:48,10,0,0
BRDA:48,10,1,0
BRDA:48,10,2,0
BRDA:48,10,3,0
BRDA:80,11,0,0
BRDA:80,11,1,0
BRDA:80,11,2,0
BRDA:80,11,3,0
BRDA:80,11,4,0
BRDA:103,12,0,0
BRDA:103,12,1,0
BRDA:108,13,0,0
BRDA:108,13,1,0
BRDA:110,14,0,0
BRDA:110,14,1,0
BRDA:111,15,0,0
BRDA:111,15,1,0
BRDA:118,16,0,0
BRDA:118,16,1,0
BRDA:121,17,0,0
BRDA:121,17,1,0
BRDA:122,18,0,0
BRDA:122,18,1,0
BRDA:127,19,0,0
BRDA:127,19,1,0
BRDA:129,20,0,0
BRDA:129,20,1,0
BRF:47
BRH:15
end_of_record
TN:
SF:src/sim-node.ts
FN:23,(anonymous_0)
FN:33,(anonymous_1)
FN:40,(anonymous_2)
FN:44,(anonymous_3)
FN:47,(anonymous_4)
FNF:5
FNH:5
FNDA:14,(anonymous_0)
FNDA:2,(anonymous_1)
FNDA:4,(anonymous_2)
FNDA:1,(anonymous_3)
FNDA:1,(anonymous_4)
DA:13,2
DA:24,14
DA:25,14
DA:26,14
DA:27,14
DA:28,14
DA:29,14
DA:30,14
DA:31,14
DA:34,2
DA:35,1
DA:36,1
DA:37,1
DA:41,4
DA:42,4
DA:45,1
DA:48,1
DA:49,1
DA:50,1
LF:19
LH:19
BRDA:26,0,0,14
BRDA:26,0,1,8
BRDA:26,1,0,4
BRDA:26,1,1,10
BRDA:26,2,0,14
BRDA:26,2,1,14
BRDA:27,3,0,14
BRDA:27,3,1,8
BRDA:27,4,0,4
BRDA:27,4,1,10
BRDA:27,5,0,14
BRDA:27,5,1,14
BRDA:28,6,0,14
BRDA:28,6,1,10
BRDA:28,7,0,4
BRDA:28,7,1,10
BRDA:28,8,0,14
BRDA:28,8,1,14
BRDA:29,9,0,14
BRDA:29,9,1,8
BRDA:29,10,0,4
BRDA:29,10,1,10
BRDA:29,11,0,14
BRDA:29,11,1,14
BRDA:30,12,0,14
BRDA:30,12,1,8
BRDA:30,13,0,4
BRDA:30,13,1,10
BRDA:30,14,0,14
BRDA:30,14,1,14
BRDA:31,15,0,14
BRDA:31,15,1,14
BRDA:31,16,0,4
BRDA:31,16,1,10
BRDA:31,17,0,14
BRDA:31,17,1,14
BRDA:34,18,0,1
BRDA:34,18,1,1
BRDA:34,19,0,2
BRDA:34,19,1,1
BRDA:36,20,0,1
BRDA:36,20,1,0
BRDA:36,21,0,1
BRDA:36,21,1,1
BRF:44
BRH:43
end_of_record
TN:
SF:src/utils.ts
FN:1,random
FNF:1
FNH:1
FNDA:27,random
DA:1,2
DA:2,27
DA:3,27
DA:4,27
DA:6,0
LF:5
LH:4
BRDA:1,0,0,13
BRDA:3,1,0,27
BRDA:3,1,1,0
BRF:3
BRH:2
end_of_record
